INFO: Processing 3260 dicoms
INFO: Generated sequence info with 20 entries
INFO: Doing conversion using dcm2niix
INFO: Processing 40 dicoms
INFO: Executing node convert in dir: /tmp/heudiconvtmpowbHCs/convert
INFO: Running: dcm2niix -b y -z i -x n -t n -m n -f dwi -o /tmp/heudiconvtmpowbHCs/convert -s n -v n /tmp/heudiconvtmpowbHCs/convert/944000-17-1.dcm
INFO: Executing node embedder in dir: /tmp/heudiconvtmpowbHCs/embedder
INFO: Processing 149 dicoms
INFO: Executing node convert in dir: /tmp/heudiconvtmpowbHCs/convert
INFO: Running: dcm2niix -b y -z i -x n -t n -m n -f func -o /tmp/heudiconvtmpowbHCs/convert -s n -v n /tmp/heudiconvtmpowbHCs/convert/944000-16-1.dcm
INFO: Executing node embedder in dir: /tmp/heudiconvtmpowbHCs/embedder
INFO: Processing 176 dicoms
INFO: Executing node convert in dir: /tmp/heudiconvtmpowbHCs/convert
INFO: Running: dcm2niix -b y -z i -x n -t n -m n -f anat -o /tmp/heudiconvtmpowbHCs/convert -s n -v n /tmp/heudiconvtmpowbHCs/convert/944000-8-1.dcm
INFO: Executing node embedder in dir: /tmp/heudiconvtmpowbHCs/embedder
Converting /output/scsb315/dwi/sub-scsb315_dwi
/output/scsb315/dwi
dcm2niix
Converting /output/scsb315/func/sub-scsb315_task-rest_bold
/output/scsb315/func
dcm2niix
Converting /output/scsb315/anat/sub-scsb315_T1w
/output/scsb315/anat
dcm2niix
