INFO: Processing 4953 dicoms
INFO: Generated sequence info with 20 entries
INFO: Doing conversion using dcm2niix
INFO: Processing 40 dicoms
INFO: Executing node convert in dir: /tmp/heudiconvtmpSjXhtW/convert
INFO: Running: dcm2niix -b y -z i -x n -t n -m n -f dwi -o /tmp/heudiconvtmpSjXhtW/convert -s n -v n /tmp/heudiconvtmpSjXhtW/convert/341000-20-1.dcm
INFO: Executing node embedder in dir: /tmp/heudiconvtmpSjXhtW/embedder
INFO: Processing 149 dicoms
INFO: Executing node convert in dir: /tmp/heudiconvtmpSjXhtW/convert
INFO: Running: dcm2niix -b y -z i -x n -t n -m n -f func -o /tmp/heudiconvtmpSjXhtW/convert -s n -v n /tmp/heudiconvtmpSjXhtW/convert/341000-19-1.dcm
INFO: Executing node embedder in dir: /tmp/heudiconvtmpSjXhtW/embedder
INFO: Processing 176 dicoms
INFO: Executing node convert in dir: /tmp/heudiconvtmpSjXhtW/convert
INFO: Running: dcm2niix -b y -z i -x n -t n -m n -f anat -o /tmp/heudiconvtmpSjXhtW/convert -s n -v n /tmp/heudiconvtmpSjXhtW/convert/341000-14-1.dcm
INFO: Executing node embedder in dir: /tmp/heudiconvtmpSjXhtW/embedder
Converting /output/bch14/dwi/sub-bch14_dwi
/output/bch14/dwi
dcm2niix
Converting /output/bch14/func/sub-bch14_task-rest_bold
/output/bch14/func
dcm2niix
Converting /output/bch14/anat/sub-bch14_T1w
/output/bch14/anat
dcm2niix
