INFO: Processing 3096 dicoms
INFO: Generated sequence info with 20 entries
INFO: Doing conversion using dcm2niix
INFO: Processing 40 dicoms
INFO: Executing node convert in dir: /tmp/heudiconvtmppNk9IU/convert
INFO: Running: dcm2niix -b y -z i -x n -t n -m n -f dwi -o /tmp/heudiconvtmppNk9IU/convert -s n -v n /tmp/heudiconvtmppNk9IU/convert/284000-14-1.dcm
INFO: Executing node embedder in dir: /tmp/heudiconvtmppNk9IU/embedder
INFO: Processing 149 dicoms
INFO: Executing node convert in dir: /tmp/heudiconvtmppNk9IU/convert
INFO: Running: dcm2niix -b y -z i -x n -t n -m n -f func -o /tmp/heudiconvtmppNk9IU/convert -s n -v n /tmp/heudiconvtmppNk9IU/convert/284000-13-1.dcm
INFO: Executing node embedder in dir: /tmp/heudiconvtmppNk9IU/embedder
INFO: Processing 176 dicoms
INFO: Executing node convert in dir: /tmp/heudiconvtmppNk9IU/convert
INFO: Running: dcm2niix -b y -z i -x n -t n -m n -f anat -o /tmp/heudiconvtmppNk9IU/convert -s n -v n /tmp/heudiconvtmppNk9IU/convert/284000-8-1.dcm
INFO: Executing node embedder in dir: /tmp/heudiconvtmppNk9IU/embedder
Converting /output/scsb316/dwi/sub-scsb316_dwi
/output/scsb316/dwi
dcm2niix
Converting /output/scsb316/func/sub-scsb316_task-rest_bold
/output/scsb316/func
dcm2niix
Converting /output/scsb316/anat/sub-scsb316_T1w
/output/scsb316/anat
dcm2niix
