INFO: Processing 3170 dicoms
INFO: Generated sequence info with 20 entries
INFO: Doing conversion using dcm2niix
INFO: Processing 40 dicoms
INFO: Executing node convert in dir: /tmp/heudiconvtmpRYF9Cc/convert
INFO: Running: dcm2niix -b y -z i -x n -t n -m n -f dwi -o /tmp/heudiconvtmpRYF9Cc/convert -s n -v n /tmp/heudiconvtmpRYF9Cc/convert/609000-16-1.dcm
INFO: Executing node embedder in dir: /tmp/heudiconvtmpRYF9Cc/embedder
INFO: Processing 149 dicoms
INFO: Executing node convert in dir: /tmp/heudiconvtmpRYF9Cc/convert
INFO: Running: dcm2niix -b y -z i -x n -t n -m n -f func -o /tmp/heudiconvtmpRYF9Cc/convert -s n -v n /tmp/heudiconvtmpRYF9Cc/convert/609000-15-1.dcm
INFO: Executing node embedder in dir: /tmp/heudiconvtmpRYF9Cc/embedder
INFO: Processing 176 dicoms
INFO: Executing node convert in dir: /tmp/heudiconvtmpRYF9Cc/convert
INFO: Running: dcm2niix -b y -z i -x n -t n -m n -f anat -o /tmp/heudiconvtmpRYF9Cc/convert -s n -v n /tmp/heudiconvtmpRYF9Cc/convert/609000-8-1.dcm
INFO: Executing node embedder in dir: /tmp/heudiconvtmpRYF9Cc/embedder
Converting /output/scsb228/dwi/sub-scsb228_dwi
/output/scsb228/dwi
dcm2niix
Converting /output/scsb228/func/sub-scsb228_task-rest_bold
/output/scsb228/func
dcm2niix
Converting /output/scsb228/anat/sub-scsb228_T1w
/output/scsb228/anat
dcm2niix
