INFO: Processing 3096 dicoms
INFO: Generated sequence info with 20 entries
INFO: Doing conversion using dcm2niix
INFO: Processing 40 dicoms
INFO: Executing node convert in dir: /tmp/heudiconvtmpdde4Qo/convert
INFO: Running: dcm2niix -b y -z i -x n -t n -m n -f dwi -o /tmp/heudiconvtmpdde4Qo/convert -s n -v n /tmp/heudiconvtmpdde4Qo/convert/421000-14-1.dcm
INFO: Executing node embedder in dir: /tmp/heudiconvtmpdde4Qo/embedder
INFO: Processing 149 dicoms
INFO: Executing node convert in dir: /tmp/heudiconvtmpdde4Qo/convert
INFO: Running: dcm2niix -b y -z i -x n -t n -m n -f func -o /tmp/heudiconvtmpdde4Qo/convert -s n -v n /tmp/heudiconvtmpdde4Qo/convert/421000-13-1.dcm
INFO: Executing node embedder in dir: /tmp/heudiconvtmpdde4Qo/embedder
INFO: Processing 176 dicoms
INFO: Executing node convert in dir: /tmp/heudiconvtmpdde4Qo/convert
INFO: Running: dcm2niix -b y -z i -x n -t n -m n -f anat -o /tmp/heudiconvtmpdde4Qo/convert -s n -v n /tmp/heudiconvtmpdde4Qo/convert/421000-8-1.dcm
INFO: Executing node embedder in dir: /tmp/heudiconvtmpdde4Qo/embedder
Converting /output/bch03/dwi/sub-bch03_dwi
/output/bch03/dwi
dcm2niix
Converting /output/bch03/func/sub-bch03_task-rest_bold
/output/bch03/func
dcm2niix
Converting /output/bch03/anat/sub-bch03_T1w
/output/bch03/anat
dcm2niix
